<?xml version="1.0" encoding="UTF-8"?>
<testng-results skipped="0" failed="0" ignored="0" total="1" passed="1">
  <reporter-output>
  </reporter-output>
  <suite name="Default suite" duration-ms="32215" started-at="2019-08-02T06:02:37Z" finished-at="2019-08-02T06:03:09Z">
    <groups>
    </groups>
    <test name="Default test" duration-ms="32215" started-at="2019-08-02T06:02:37Z" finished-at="2019-08-02T06:03:09Z">
      <class name="advance.robotclass">
        <test-method status="PASS" signature="f()[pri:0, instance:advance.robotclass@55f3ddb1]" name="f" duration-ms="32166" started-at="2019-08-02T06:02:37Z" finished-at="2019-08-02T06:03:09Z">
          <reporter-output>
          </reporter-output>
        </test-method> <!-- f -->
      </class> <!-- advance.robotclass -->
    </test> <!-- Default test -->
  </suite> <!-- Default suite -->
</testng-results>
